# JRE version: OpenJDK Runtime Environment Microsoft-8035246 (17.0.8+7) (build 17.0.8+7-LTS)
# Java VM: OpenJDK 64-Bit Server VM Microsoft-8035246 (17.0.8+7-LTS, mixed mode, sharing, tiered, compressed oops, compressed class ptrs, g1 gc, windows-amd64)
GC Precious Log:
 CPUs: 8 total, 8 available
 Memory: 8022M
 Large Page Support: Disabled
 NUMA Support: Disabled
 Compressed Oops: Enabled (32-bit)
 Heap Region Size: 1M
 Heap Min Capacity: 8M
 Heap Initial Capacity: 126M
 Heap Max Capacity: 2G
 Pre-touch: Disabled
 Parallel Workers: 8
 Concurrent Workers: 2
 Concurrent Refinement Workers: 8
 Periodic GC: Disabled
Heap:
 garbage-first heap   total 346112K, used 261161K [0x0000000080000000, 0x0000000100000000)
  region size 1024K, 47 young (48128K), 10 survivors (10240K)
 Metaspace       used 103783K, committed 105344K, reserved 557056K
  class space    used 14446K, committed 15168K, reserved 425984K
GC Heap History (20 events):
Event: 56.865 GC heap before
{Heap before GC invocations=45 (full 0):
 garbage-first heap   total 239616K, used 201485K [0x0000000080000000, 0x0000000100000000)
  region size 1024K, 24 young (24576K), 4 survivors (4096K)
 Metaspace       used 95585K, committed 96960K, reserved 557056K
  class space    used 13374K, committed 13952K, reserved 425984K
}
Event: 56.875 GC heap after
{Heap after GC invocations=46 (full 0):
 garbage-first heap   total 287744K, used 183156K [0x0000000080000000, 0x0000000100000000)
  region size 1024K, 2 young (2048K), 2 survivors (2048K)
 Metaspace       used 95585K, committed 96960K, reserved 557056K
  class space    used 13374K, committed 13952K, reserved 425984K
}
Event: 57.869 GC heap before
{Heap before GC invocations=46 (full 0):
 garbage-first heap   total 287744K, used 229236K [0x0000000080000000, 0x0000000100000000)
  region size 1024K, 47 young (48128K), 2 survivors (2048K)
 Metaspace       used 99418K, committed 100864K, reserved 557056K
  class space    used 13937K, committed 14592K, reserved 425984K
}
Event: 57.885 GC heap after
{Heap after GC invocations=47 (full 0):
 garbage-first heap   total 287744K, used 185510K [0x0000000080000000, 0x0000000100000000)
  region size 1024K, 5 young (5120K), 5 survivors (5120K)
 Metaspace       used 99418K, committed 100864K, reserved 557056K
  class space    used 13937K, committed 14592K, reserved 425984K
}
Event: 58.947 GC heap before
{Heap before GC invocations=47 (full 0):
 garbage-first heap   total 287744K, used 232614K [0x0000000080000000, 0x0000000100000000)
  region size 1024K, 51 young (52224K), 5 survivors (5120K)
 Metaspace       used 100629K, committed 102016K, reserved 557056K
  class space    used 14082K, committed 14720K, reserved 425984K
}
Event: 58.968 GC heap after
{Heap after GC invocations=48 (full 0):
 garbage-first heap   total 287744K, used 193191K [0x0000000080000000, 0x0000000100000000)
  region size 1024K, 7 young (7168K), 7 survivors (7168K)
 Metaspace       used 100629K, committed 102016K, reserved 557056K
  class space    used 14082K, committed 14720K, reserved 425984K
}
Event: 59.771 GC heap before
{Heap before GC invocations=48 (full 0):
 garbage-first heap   total 287744K, used 235175K [0x0000000080000000, 0x0000000100000000)
  region size 1024K, 48 young (49152K), 7 survivors (7168K)
 Metaspace       used 101569K, committed 102976K, reserved 557056K
  class space    used 14197K, committed 14848K, reserved 425984K
}
Event: 59.790 GC heap after
{Heap after GC invocations=49 (full 0):
 garbage-first heap   total 287744K, used 198922K [0x0000000080000000, 0x0000000100000000)
  region size 1024K, 6 young (6144K), 6 survivors (6144K)
 Metaspace       used 101569K, committed 102976K, reserved 557056K
  class space    used 14197K, committed 14848K, reserved 425984K
}
Event: 60.425 GC heap before
{Heap before GC invocations=49 (full 0):
 garbage-first heap   total 287744K, used 238858K [0x0000000080000000, 0x0000000100000000)
  region size 1024K, 45 young (46080K), 6 survivors (6144K)
 Metaspace       used 101708K, committed 103104K, reserved 557056K
  class space    used 14198K, committed 14848K, reserved 425984K
}
Event: 60.438 GC heap after
{Heap after GC invocations=50 (full 0):
 garbage-first heap   total 287744K, used 202899K [0x0000000080000000, 0x0000000100000000)
  region size 1024K, 4 young (4096K), 4 survivors (4096K)
 Metaspace       used 101708K, committed 103104K, reserved 557056K
  class space    used 14198K, committed 14848K, reserved 425984K
}
Event: 61.037 GC heap before
{Heap before GC invocations=50 (full 0):
 garbage-first heap   total 287744K, used 240787K [0x0000000080000000, 0x0000000100000000)
  region size 1024K, 41 young (41984K), 4 survivors (4096K)
 Metaspace       used 101921K, committed 103488K, reserved 557056K
  class space    used 14215K, committed 14912K, reserved 425984K
}
Event: 61.051 GC heap after
{Heap after GC invocations=51 (full 0):
 garbage-first heap   total 287744K, used 206527K [0x0000000080000000, 0x0000000100000000)
  region size 1024K, 4 young (4096K), 4 survivors (4096K)
 Metaspace       used 101921K, committed 103488K, reserved 557056K
  class space    used 14215K, committed 14912K, reserved 425984K
}
Event: 61.585 GC heap before
{Heap before GC invocations=51 (full 0):
 garbage-first heap   total 287744K, used 242367K [0x0000000080000000, 0x0000000100000000)
  region size 1024K, 39 young (39936K), 4 survivors (4096K)
 Metaspace       used 102436K, committed 104000K, reserved 557056K
  class space    used 14281K, committed 14976K, reserved 425984K
}
Event: 61.603 GC heap after
{Heap after GC invocations=52 (full 0):
 garbage-first heap   total 287744K, used 211457K [0x0000000080000000, 0x0000000100000000)
  region size 1024K, 5 young (5120K), 5 survivors (5120K)
 Metaspace       used 102436K, committed 104000K, reserved 557056K
  class space    used 14281K, committed 14976K, reserved 425984K
}
Event: 62.136 GC heap before
{Heap before GC invocations=52 (full 0):
 garbage-first heap   total 287744K, used 243201K [0x0000000080000000, 0x0000000100000000)
  region size 1024K, 37 young (37888K), 5 survivors (5120K)
 Metaspace       used 103141K, committed 104704K, reserved 557056K
  class space    used 14385K, committed 15104K, reserved 425984K
}
Event: 62.151 GC heap after
{Heap after GC invocations=53 (full 0):
 garbage-first heap   total 346112K, used 215836K [0x0000000080000000, 0x0000000100000000)
  region size 1024K, 5 young (5120K), 5 survivors (5120K)
 Metaspace       used 103141K, committed 104704K, reserved 557056K
  class space    used 14385K, committed 15104K, reserved 425984K
}
Event: 63.163 GC heap before
{Heap before GC invocations=53 (full 0):
 garbage-first heap   total 346112K, used 284444K [0x0000000080000000, 0x0000000100000000)
  region size 1024K, 73 young (74752K), 5 survivors (5120K)
 Metaspace       used 103682K, committed 105280K, reserved 557056K
  class space    used 14441K, committed 15168K, reserved 425984K
}
Event: 63.175 GC heap after
{Heap after GC invocations=54 (full 0):
 garbage-first heap   total 346112K, used 219297K [0x0000000080000000, 0x0000000100000000)
  region size 1024K, 8 young (8192K), 8 survivors (8192K)
 Metaspace       used 103682K, committed 105280K, reserved 557056K
  class space    used 14441K, committed 15168K, reserved 425984K
}
Event: 63.710 GC heap before
{Heap before GC invocations=54 (full 0):
 garbage-first heap   total 346112K, used 287905K [0x0000000080000000, 0x0000000100000000)
  region size 1024K, 76 young (77824K), 8 survivors (8192K)
 Metaspace       used 103744K, committed 105344K, reserved 557056K
  class space    used 14446K, committed 15168K, reserved 425984K
}
Event: 63.723 GC heap after
{Heap after GC invocations=55 (full 0):
 garbage-first heap   total 346112K, used 224297K [0x0000000080000000, 0x0000000100000000)
  region size 1024K, 10 young (10240K), 10 survivors (10240K)
 Metaspace       used 103744K, committed 105344K, reserved 557056K
  class space    used 14446K, committed 15168K, reserved 425984K
}

